2022-03-04 10:19:03:402 grammar LogManager.java:25 before: (PARSER_GRAMMAR Chems (OPTIONS (= tokenVocab ChemsLexer)) (@ header {
    import "OLC2/interfaces"
    import "OLC2/expresion"
    import "OLC2/instruction"
    import arrayList "github.com/colegno/arraylist"
}) (RULES (RULE start (returns *arrayList.List lista) (BLOCK (ALT instrucciones {$lista = $instrucciones.l}))) (RULE instrucciones (returns *arrayList.List l) (@ init {
    $l =  arrayList.New()
  }) (BLOCK (ALT (* (BLOCK (ALT (+= e instruccion)))) {
      listInt := localctx.(*InstruccionesContext).GetE()
      		for _, e := range listInt {
            $l.Add(e.GetInstr())
          }
    }))) (RULE instruccion (returns interfaces.Instruction instr) (BLOCK (ALT CONSOLE '.' LOG PARIZQ expression PARDER ';' {$instr = instruction.NewImprimir($expression.p)}) (ALT P_NUMBER (= isArray array_st) (= id ID) '=' expression ';' {$instr = instruction.NewDeclaration($id.text,interfaces.INTEGER,$expression.p, $isArray.arr)}) (ALT (= id ID) '=' expression ';' {$instr = instruction.NewAssignment($id.text,$expression.p)}) (ALT P_IF PARIZQ expression PARDER LLAVEIZQ instrucciones LLAVEDER {$instr = instruction.NewIf($expression.p, $instrucciones.l)}) (ALT P_WHILE PARIZQ expression PARDER LLAVEIZQ instrucciones LLAVEDER {$instr = instruction.NewWhile($expression.p, $instrucciones.l)}) (ALT P_STRUCT (= id ID) LLAVEIZQ (= lista lista_att) LLAVEDER {$instr = instruction.NewStruct($id.text, $lista.l)}))) (RULE lista_att (returns *arrayList.List l) (BLOCK (ALT (= list lista_att) ',' (= id ID) ':' P_NUMBER { 
                                        $list.l.Add($id.text);
                                        $l = $list.l;
                                    }) (ALT (= id ID) ':' P_NUMBER { 
                    $l = arrayList.New();
                    $l.Add($id.text);
                }))) (RULE array_st (returns bool arr) (BLOCK (ALT CORIZQ CORDER { $arr = true }) (ALT EPSILON))) (RULE expression (returns interfaces.Expresion p) (BLOCK (ALT expr_arit {$p = $expr_arit.p}))) (RULE expr_arit (returns interfaces.Expresion p) (BLOCK (ALT (= opIz expr_arit) (= op (BLOCK (ALT '*') (ALT '/'))) (= opDe expr_arit) {$p = expresion.NewOperacion($opIz.p,$op.text,$opDe.p,false)}) (ALT (= opIz expr_arit) (= op (BLOCK (ALT '+') (ALT '-'))) (= opDe expr_arit) {$p = expresion.NewOperacion($opIz.p,$op.text,$opDe.p,false)}) (ALT (= opIz expr_arit) (= op (BLOCK (ALT '<') (ALT '<=') (ALT '>=') (ALT '>'))) (= opDe expr_arit) {$p = expresion.NewOperacion($opIz.p,$op.text,$opDe.p,false)}) (ALT CORIZQ listValues CORDER { $p = expresion.NewArray($listValues.l) }) (ALT primitivo {$p = $primitivo.p}) (ALT PARIZQ expression PARDER {$p = $expression.p}))) (RULE listValues (returns *arrayList.List l) (BLOCK (ALT (= list listValues) ',' expression { 
                                        $list.l.Add($expression.p)
                                        $l = $list.l
                                    }) (ALT expression { 
                    $l = arrayList.New()
                    $l.Add($expression.p)
                }))) (RULE primitivo (returns interfaces.Expresion p) (BLOCK (ALT NUMBER {
            	num,err := strconv.Atoi($NUMBER.text)
                if err!= nil{
                    fmt.Println(err)
                }
            $p = expresion.NewPrimitivo (num,interfaces.INTEGER)
       }) (ALT STRING { 
      str:= $STRING.text[1:len($STRING.text)-1]
      $p = expresion.NewPrimitivo(str,interfaces.STRING)}) (ALT (= list listArray) { $p = $list.p}))) (RULE listArray (returns interfaces.Expresion p) (BLOCK (ALT (= list listArray) CORIZQ expression CORDER { $p = expresion.NewArrayAccess($list.p, $expression.p) }) (ALT ID { $p = expresion.NewCallVariable($ID.text)})))))
2022-03-04 10:19:03:421 grammar LogManager.java:25 after: (PARSER_GRAMMAR Chems (OPTIONS (= tokenVocab ChemsLexer)) (@ header {
    import "OLC2/interfaces"
    import "OLC2/expresion"
    import "OLC2/instruction"
    import arrayList "github.com/colegno/arraylist"
}) (RULES (RULE start (returns *arrayList.List lista) (BLOCK (ALT instrucciones {$lista = $instrucciones.l}))) (RULE instrucciones (returns *arrayList.List l) (@ init {
    $l =  arrayList.New()
  }) (BLOCK (ALT (* (BLOCK (ALT (+= e instruccion)))) {
      listInt := localctx.(*InstruccionesContext).GetE()
      		for _, e := range listInt {
            $l.Add(e.GetInstr())
          }
    }))) (RULE instruccion (returns interfaces.Instruction instr) (BLOCK (ALT CONSOLE '.' LOG PARIZQ expression PARDER ';' {$instr = instruction.NewImprimir($expression.p)}) (ALT P_NUMBER (= isArray array_st) (= id ID) '=' expression ';' {$instr = instruction.NewDeclaration($id.text,interfaces.INTEGER,$expression.p, $isArray.arr)}) (ALT (= id ID) '=' expression ';' {$instr = instruction.NewAssignment($id.text,$expression.p)}) (ALT P_IF PARIZQ expression PARDER LLAVEIZQ instrucciones LLAVEDER {$instr = instruction.NewIf($expression.p, $instrucciones.l)}) (ALT P_WHILE PARIZQ expression PARDER LLAVEIZQ instrucciones LLAVEDER {$instr = instruction.NewWhile($expression.p, $instrucciones.l)}) (ALT P_STRUCT (= id ID) LLAVEIZQ (= lista lista_att) LLAVEDER {$instr = instruction.NewStruct($id.text, $lista.l)}))) (RULE lista_att (returns *arrayList.List l) (BLOCK (ALT (= list lista_att) ',' (= id ID) ':' P_NUMBER { 
                                        $list.l.Add($id.text);
                                        $l = $list.l;
                                    }) (ALT (= id ID) ':' P_NUMBER { 
                    $l = arrayList.New();
                    $l.Add($id.text);
                }))) (RULE array_st (returns bool arr) (BLOCK (ALT CORIZQ CORDER { $arr = true }) (ALT EPSILON))) (RULE expression (returns interfaces.Expresion p) (BLOCK (ALT expr_arit {$p = $expr_arit.p}))) (RULE expr_arit (returns interfaces.Expresion p) (BLOCK (ALT (= opIz expr_arit) (= op (SET '*' '/')) (= opDe expr_arit) {$p = expresion.NewOperacion($opIz.p,$op.text,$opDe.p,false)}) (ALT (= opIz expr_arit) (= op (SET '+' '-')) (= opDe expr_arit) {$p = expresion.NewOperacion($opIz.p,$op.text,$opDe.p,false)}) (ALT (= opIz expr_arit) (= op (SET '<' '<=' '>=' '>')) (= opDe expr_arit) {$p = expresion.NewOperacion($opIz.p,$op.text,$opDe.p,false)}) (ALT CORIZQ listValues CORDER { $p = expresion.NewArray($listValues.l) }) (ALT primitivo {$p = $primitivo.p}) (ALT PARIZQ expression PARDER {$p = $expression.p}))) (RULE listValues (returns *arrayList.List l) (BLOCK (ALT (= list listValues) ',' expression { 
                                        $list.l.Add($expression.p)
                                        $l = $list.l
                                    }) (ALT expression { 
                    $l = arrayList.New()
                    $l.Add($expression.p)
                }))) (RULE primitivo (returns interfaces.Expresion p) (BLOCK (ALT NUMBER {
            	num,err := strconv.Atoi($NUMBER.text)
                if err!= nil{
                    fmt.Println(err)
                }
            $p = expresion.NewPrimitivo (num,interfaces.INTEGER)
       }) (ALT STRING { 
      str:= $STRING.text[1:len($STRING.text)-1]
      $p = expresion.NewPrimitivo(str,interfaces.STRING)}) (ALT (= list listArray) { $p = $list.p}))) (RULE listArray (returns interfaces.Expresion p) (BLOCK (ALT (= list listArray) CORIZQ expression CORDER { $p = expresion.NewArrayAccess($list.p, $expression.p) }) (ALT ID { $p = expresion.NewCallVariable($ID.text)})))))
2022-03-04 10:19:03:627 left-recursion LogManager.java:25 lista_att returns [*arrayList.List l]
    :   ( {} id=ID<tokenIndex=199> ':'<tokenIndex=201> P_NUMBER<tokenIndex=203>  { 
                    $l = arrayList.New();
                    $l.Add($id.text);
                } 
        )
        (
          {p.Precpred(p.GetParserRuleContext(), 2)}?<p=2> ','<tokenIndex=183> id=ID<tokenIndex=187> ':'<tokenIndex=189> P_NUMBER<tokenIndex=191> { 
                                                  $list.l.Add($id.text);
                                                  $l = $list.l;
                                              }
        )*
    ;
2022-03-04 10:19:03:637 grammar LogManager.java:25 added: (RULE lista_att (returns *arrayList.List l) (BLOCK (ALT (BLOCK (ALT {} (= id (ID (ELEMENT_OPTIONS (= tokenIndex 199)))) (':' (ELEMENT_OPTIONS (= tokenIndex 201))) (P_NUMBER (ELEMENT_OPTIONS (= tokenIndex 203))) { 
                    $l = arrayList.New();
                    $l.Add($id.text);
                })) (* (BLOCK (ALT ({p.Precpred(p.GetParserRuleContext(), 2)}? (ELEMENT_OPTIONS (= p 2))) (',' (ELEMENT_OPTIONS (= tokenIndex 183))) (= id (ID (ELEMENT_OPTIONS (= tokenIndex 187)))) (':' (ELEMENT_OPTIONS (= tokenIndex 189))) (P_NUMBER (ELEMENT_OPTIONS (= tokenIndex 191))) { 
                                                  $list.l.Add($id.text);
                                                  $l = $list.l;
                                              }))))))
2022-03-04 10:19:03:711 left-recursion LogManager.java:25 expr_arit returns [interfaces.Expresion p]
    :   ( {} CORIZQ<tokenIndex=323> listValues<tokenIndex=325> CORDER<tokenIndex=327> { $p = expresion.NewArray($listValues.l) } 
        | primitivo<tokenIndex=333> {$p = $primitivo.p} 
        | PARIZQ<tokenIndex=339> expression<tokenIndex=341> PARDER<tokenIndex=343> {$p = $expression.p} 
        )
        (
          {p.Precpred(p.GetParserRuleContext(), 6)}?<p=6> op=('*'<tokenIndex=256>|'/'<tokenIndex=258>) opDe = expr_arit<tokenIndex=265,p=7> {$p = expresion.NewOperacion($opIz.p,$op.text,$opDe.p,false)}
                  | {p.Precpred(p.GetParserRuleContext(), 5)}?<p=5> op=('+'<tokenIndex=280>|'-'<tokenIndex=282>) opDe = expr_arit<tokenIndex=289,p=6> {$p = expresion.NewOperacion($opIz.p,$op.text,$opDe.p,false)}
                  | {p.Precpred(p.GetParserRuleContext(), 4)}?<p=4> op=('<'<tokenIndex=304>|'<='<tokenIndex=306>|'>='<tokenIndex=308>|'>'<tokenIndex=310>) opDe = expr_arit<tokenIndex=317,p=5> {$p = expresion.NewOperacion($opIz.p,$op.text,$opDe.p,false)}
        )*
    ;
2022-03-04 10:19:03:719 grammar LogManager.java:25 added: (RULE expr_arit (returns interfaces.Expresion p) (BLOCK (ALT (BLOCK (ALT {} (CORIZQ (ELEMENT_OPTIONS (= tokenIndex 323))) (listValues (ELEMENT_OPTIONS (= tokenIndex 325))) (CORDER (ELEMENT_OPTIONS (= tokenIndex 327))) { $p = expresion.NewArray($listValues.l) }) (ALT (primitivo (ELEMENT_OPTIONS (= tokenIndex 333))) {$p = $primitivo.p}) (ALT (PARIZQ (ELEMENT_OPTIONS (= tokenIndex 339))) (expression (ELEMENT_OPTIONS (= tokenIndex 341))) (PARDER (ELEMENT_OPTIONS (= tokenIndex 343))) {$p = $expression.p})) (* (BLOCK (ALT ({p.Precpred(p.GetParserRuleContext(), 6)}? (ELEMENT_OPTIONS (= p 6))) (= op (SET ('*' (ELEMENT_OPTIONS (= tokenIndex 256))) ('/' (ELEMENT_OPTIONS (= tokenIndex 258))))) (= opDe (expr_arit (ELEMENT_OPTIONS (= tokenIndex 265) (= p 7)))) {$p = expresion.NewOperacion($opIz.p,$op.text,$opDe.p,false)}) (ALT ({p.Precpred(p.GetParserRuleContext(), 5)}? (ELEMENT_OPTIONS (= p 5))) (= op (SET ('+' (ELEMENT_OPTIONS (= tokenIndex 280))) ('-' (ELEMENT_OPTIONS (= tokenIndex 282))))) (= opDe (expr_arit (ELEMENT_OPTIONS (= tokenIndex 289) (= p 6)))) {$p = expresion.NewOperacion($opIz.p,$op.text,$opDe.p,false)}) (ALT ({p.Precpred(p.GetParserRuleContext(), 4)}? (ELEMENT_OPTIONS (= p 4))) (= op (SET ('<' (ELEMENT_OPTIONS (= tokenIndex 304))) ('<=' (ELEMENT_OPTIONS (= tokenIndex 306))) ('>=' (ELEMENT_OPTIONS (= tokenIndex 308))) ('>' (ELEMENT_OPTIONS (= tokenIndex 310))))) (= opDe (expr_arit (ELEMENT_OPTIONS (= tokenIndex 317) (= p 5)))) {$p = expresion.NewOperacion($opIz.p,$op.text,$opDe.p,false)}))))))
2022-03-04 10:19:03:765 left-recursion LogManager.java:25 listValues returns [*arrayList.List l]
    :   ( {} expression<tokenIndex=368> { 
                    $l = arrayList.New()
                    $l.Add($expression.p)
                } 
        )
        (
          {p.Precpred(p.GetParserRuleContext(), 2)}?<p=2> ','<tokenIndex=360> expression<tokenIndex=362> { 
                                                  $list.l.Add($expression.p)
                                                  $l = $list.l
                                              }
        )*
    ;
2022-03-04 10:19:03:768 grammar LogManager.java:25 added: (RULE listValues (returns *arrayList.List l) (BLOCK (ALT (BLOCK (ALT {} (expression (ELEMENT_OPTIONS (= tokenIndex 368))) { 
                    $l = arrayList.New()
                    $l.Add($expression.p)
                })) (* (BLOCK (ALT ({p.Precpred(p.GetParserRuleContext(), 2)}? (ELEMENT_OPTIONS (= p 2))) (',' (ELEMENT_OPTIONS (= tokenIndex 360))) (expression (ELEMENT_OPTIONS (= tokenIndex 362))) { 
                                                  $list.l.Add($expression.p)
                                                  $l = $list.l
                                              }))))))
2022-03-04 10:19:03:827 left-recursion LogManager.java:25 listArray returns [interfaces.Expresion p]
    :   ( {} ID<tokenIndex=423> { $p = expresion.NewCallVariable($ID.text)} 
        )
        (
          {p.Precpred(p.GetParserRuleContext(), 2)}?<p=2> CORIZQ<tokenIndex=413> expression<tokenIndex=415> CORDER<tokenIndex=417> { $p = expresion.NewArrayAccess($list.p, $expression.p) }
        )*
    ;
2022-03-04 10:19:03:829 grammar LogManager.java:25 added: (RULE listArray (returns interfaces.Expresion p) (BLOCK (ALT (BLOCK (ALT {} (ID (ELEMENT_OPTIONS (= tokenIndex 423))) { $p = expresion.NewCallVariable($ID.text)})) (* (BLOCK (ALT ({p.Precpred(p.GetParserRuleContext(), 2)}? (ELEMENT_OPTIONS (= p 2))) (CORIZQ (ELEMENT_OPTIONS (= tokenIndex 413))) (expression (ELEMENT_OPTIONS (= tokenIndex 415))) (CORDER (ELEMENT_OPTIONS (= tokenIndex 417))) { $p = expresion.NewArrayAccess($list.p, $expression.p) }))))))
2022-03-04 10:19:03:847 grammar LogManager.java:25 import CONSOLE=1
2022-03-04 10:19:03:847 grammar LogManager.java:25 import LOG=2
2022-03-04 10:19:03:847 grammar LogManager.java:25 import P_NUMBER=3
2022-03-04 10:19:03:847 grammar LogManager.java:25 import P_STRING=4
2022-03-04 10:19:03:847 grammar LogManager.java:25 import P_IF=5
2022-03-04 10:19:03:847 grammar LogManager.java:25 import P_WHILE=6
2022-03-04 10:19:03:847 grammar LogManager.java:25 import P_STRUCT=7
2022-03-04 10:19:03:847 grammar LogManager.java:25 import NUMBER=8
2022-03-04 10:19:03:847 grammar LogManager.java:25 import STRING=9
2022-03-04 10:19:03:847 grammar LogManager.java:25 import ID=10
2022-03-04 10:19:03:847 grammar LogManager.java:25 import PUNTO=11
2022-03-04 10:19:03:848 grammar LogManager.java:25 import PTCOMA=12
2022-03-04 10:19:03:848 grammar LogManager.java:25 import COMA=13
2022-03-04 10:19:03:848 grammar LogManager.java:25 import DOSPT=14
2022-03-04 10:19:03:848 grammar LogManager.java:25 import DIFERENTE=15
2022-03-04 10:19:03:848 grammar LogManager.java:25 import IGUAL=16
2022-03-04 10:19:03:848 grammar LogManager.java:25 import MAYORIGUAL=17
2022-03-04 10:19:03:848 grammar LogManager.java:25 import MENORIGUAL=18
2022-03-04 10:19:03:848 grammar LogManager.java:25 import MAYOR=19
2022-03-04 10:19:03:848 grammar LogManager.java:25 import MENOR=20
2022-03-04 10:19:03:848 grammar LogManager.java:25 import MUL=21
2022-03-04 10:19:03:848 grammar LogManager.java:25 import DIV=22
2022-03-04 10:19:03:848 grammar LogManager.java:25 import ADD=23
2022-03-04 10:19:03:848 grammar LogManager.java:25 import SUB=24
2022-03-04 10:19:03:848 grammar LogManager.java:25 import PARIZQ=25
2022-03-04 10:19:03:848 grammar LogManager.java:25 import PARDER=26
2022-03-04 10:19:03:848 grammar LogManager.java:25 import LLAVEIZQ=27
2022-03-04 10:19:03:848 grammar LogManager.java:25 import LLAVEDER=28
2022-03-04 10:19:03:848 grammar LogManager.java:25 import CORIZQ=29
2022-03-04 10:19:03:849 grammar LogManager.java:25 import CORDER=30
2022-03-04 10:19:03:849 grammar LogManager.java:25 import WHITESPACE=31
2022-03-04 10:19:03:849 grammar LogManager.java:25 import 'console'=1
2022-03-04 10:19:03:849 grammar LogManager.java:25 import 'log'=2
2022-03-04 10:19:03:849 grammar LogManager.java:25 import 'number'=3
2022-03-04 10:19:03:849 grammar LogManager.java:25 import 'string'=4
2022-03-04 10:19:03:849 grammar LogManager.java:25 import 'if'=5
2022-03-04 10:19:03:849 grammar LogManager.java:25 import 'while'=6
2022-03-04 10:19:03:849 grammar LogManager.java:25 import 'struct'=7
2022-03-04 10:19:03:849 grammar LogManager.java:25 import '.'=11
2022-03-04 10:19:03:849 grammar LogManager.java:25 import ';'=12
2022-03-04 10:19:03:849 grammar LogManager.java:25 import ','=13
2022-03-04 10:19:03:849 grammar LogManager.java:25 import ':'=14
2022-03-04 10:19:03:849 grammar LogManager.java:25 import '!'=15
2022-03-04 10:19:03:849 grammar LogManager.java:25 import '='=16
2022-03-04 10:19:03:849 grammar LogManager.java:25 import '>='=17
2022-03-04 10:19:03:849 grammar LogManager.java:25 import '<='=18
2022-03-04 10:19:03:849 grammar LogManager.java:25 import '>'=19
2022-03-04 10:19:03:849 grammar LogManager.java:25 import '<'=20
2022-03-04 10:19:03:849 grammar LogManager.java:25 import '*'=21
2022-03-04 10:19:03:849 grammar LogManager.java:25 import '/'=22
2022-03-04 10:19:03:850 grammar LogManager.java:25 import '+'=23
2022-03-04 10:19:03:850 grammar LogManager.java:25 import '-'=24
2022-03-04 10:19:03:850 grammar LogManager.java:25 import '('=25
2022-03-04 10:19:03:850 grammar LogManager.java:25 import ')'=26
2022-03-04 10:19:03:850 grammar LogManager.java:25 import '{'=27
2022-03-04 10:19:03:850 grammar LogManager.java:25 import '}'=28
2022-03-04 10:19:03:850 grammar LogManager.java:25 import '['=29
2022-03-04 10:19:03:850 grammar LogManager.java:25 import ']'=30
2022-03-04 10:19:03:850 grammar LogManager.java:25 tokens={CONSOLE=1, LOG=2, P_NUMBER=3, P_STRING=4, P_IF=5, P_WHILE=6, P_STRUCT=7, NUMBER=8, STRING=9, ID=10, PUNTO=11, PTCOMA=12, COMA=13, DOSPT=14, DIFERENTE=15, IGUAL=16, MAYORIGUAL=17, MENORIGUAL=18, MAYOR=19, MENOR=20, MUL=21, DIV=22, ADD=23, SUB=24, PARIZQ=25, PARDER=26, LLAVEIZQ=27, LLAVEDER=28, CORIZQ=29, CORDER=30, WHITESPACE=31, 'console'=1, 'log'=2, 'number'=3, 'string'=4, 'if'=5, 'while'=6, 'struct'=7, '.'=11, ';'=12, ','=13, ':'=14, '!'=15, '='=16, '>='=17, '<='=18, '>'=19, '<'=20, '*'=21, '/'=22, '+'=23, '-'=24, '('=25, ')'=26, '{'=27, '}'=28, '['=29, ']'=30}
2022-03-04 10:19:03:851 semantics LogManager.java:25 tokens={EOF=-1, CONSOLE=1, LOG=2, P_NUMBER=3, P_STRING=4, P_IF=5, P_WHILE=6, P_STRUCT=7, NUMBER=8, STRING=9, ID=10, PUNTO=11, PTCOMA=12, COMA=13, DOSPT=14, DIFERENTE=15, IGUAL=16, MAYORIGUAL=17, MENORIGUAL=18, MAYOR=19, MENOR=20, MUL=21, DIV=22, ADD=23, SUB=24, PARIZQ=25, PARDER=26, LLAVEIZQ=27, LLAVEDER=28, CORIZQ=29, CORDER=30, WHITESPACE=31}
2022-03-04 10:19:03:851 semantics LogManager.java:25 strings={'console'=1, 'log'=2, 'number'=3, 'string'=4, 'if'=5, 'while'=6, 'struct'=7, '.'=11, ';'=12, ','=13, ':'=14, '!'=15, '='=16, '>='=17, '<='=18, '>'=19, '<'=20, '*'=21, '/'=22, '+'=23, '-'=24, '('=25, ')'=26, '{'=27, '}'=28, '['=29, ']'=30}
2022-03-04 10:19:03:913 LL1 LogManager.java:25 
DECISION 0 in rule instrucciones
2022-03-04 10:19:03:913 LL1 LogManager.java:25 look=[{1, 3, 5..7, 10}, {<EOF>, 28}]
2022-03-04 10:19:03:913 LL1 LogManager.java:25 LL(1)? true
2022-03-04 10:19:03:913 LL1 LogManager.java:25 
DECISION 1 in rule instruccion
2022-03-04 10:19:03:914 LL1 LogManager.java:25 look=[1, 3, 10, 5, 6, 7]
2022-03-04 10:19:03:914 LL1 LogManager.java:25 LL(1)? true
2022-03-04 10:19:03:914 LL1 LogManager.java:25 
DECISION 2 in rule lista_att
2022-03-04 10:19:03:914 LL1 LogManager.java:25 look=[null, 28]
2022-03-04 10:19:03:914 LL1 LogManager.java:25 LL(1)? false
2022-03-04 10:19:03:914 LL1 LogManager.java:25 
DECISION 3 in rule array_st
2022-03-04 10:19:03:914 LL1 LogManager.java:25 look=[29, 10]
2022-03-04 10:19:03:914 LL1 LogManager.java:25 LL(1)? true
2022-03-04 10:19:03:914 LL1 LogManager.java:25 
DECISION 4 in rule expr_arit
2022-03-04 10:19:03:914 LL1 LogManager.java:25 look=[29, {8..10}, 25]
2022-03-04 10:19:03:914 LL1 LogManager.java:25 LL(1)? true
2022-03-04 10:19:03:914 LL1 LogManager.java:25 
DECISION 5 in rule expr_arit
2022-03-04 10:19:03:914 LL1 LogManager.java:25 look=[null, null, null]
2022-03-04 10:19:03:914 LL1 LogManager.java:25 LL(1)? false
2022-03-04 10:19:03:914 LL1 LogManager.java:25 
DECISION 6 in rule expr_arit
2022-03-04 10:19:03:914 LL1 LogManager.java:25 look=[null, null]
2022-03-04 10:19:03:914 LL1 LogManager.java:25 LL(1)? false
2022-03-04 10:19:03:914 LL1 LogManager.java:25 
DECISION 7 in rule listValues
2022-03-04 10:19:03:914 LL1 LogManager.java:25 look=[null, 30]
2022-03-04 10:19:03:914 LL1 LogManager.java:25 LL(1)? false
2022-03-04 10:19:03:914 LL1 LogManager.java:25 
DECISION 8 in rule primitivo
2022-03-04 10:19:03:914 LL1 LogManager.java:25 look=[8, 9, 10]
2022-03-04 10:19:03:914 LL1 LogManager.java:25 LL(1)? true
2022-03-04 10:19:03:914 LL1 LogManager.java:25 
DECISION 9 in rule listArray
2022-03-04 10:19:03:914 LL1 LogManager.java:25 look=[null, null]
2022-03-04 10:19:03:915 LL1 LogManager.java:25 LL(1)? false
2022-03-04 10:19:03:930 action-translator LogManager.java:25 translate 
    import "OLC2/interfaces"
    import "OLC2/expresion"
    import "OLC2/instruction"
    import arrayList "github.com/colegno/arraylist"

2022-03-04 10:19:03:987 action-translator LogManager.java:25 translate $lista = $instrucciones.l
2022-03-04 10:19:03:987 action-translator LogManager.java:25 attr [@-1,1:5='lista',<0>,17:19]
2022-03-04 10:19:03:988 action-translator LogManager.java:25 qattr [@-1,10:22='instrucciones',<0>,17:28].[@-1,24:24='l',<0>,17:42]
2022-03-04 10:19:03:990 action-translator LogManager.java:25 translate 
    $l =  arrayList.New()
  
2022-03-04 10:19:03:990 action-translator LogManager.java:25 attr [@-1,7:7='l',<0>,22:5]
2022-03-04 10:19:03:993 action-translator LogManager.java:25 translate 
      listInt := localctx.(*InstruccionesContext).GetE()
      		for _, e := range listInt {
            $l.Add(e.GetInstr())
          }
    
2022-03-04 10:19:03:993 action-translator LogManager.java:25 attr [@-1,110:110='l',<0>,27:13]
2022-03-04 10:19:03:996 action-translator LogManager.java:25 translate $instr = instruction.NewImprimir($expression.p)
2022-03-04 10:19:03:996 action-translator LogManager.java:25 attr [@-1,1:5='instr',<0>,34:50]
2022-03-04 10:19:03:996 action-translator LogManager.java:25 qattr [@-1,34:43='expression',<0>,34:83].[@-1,45:45='p',<0>,34:94]
2022-03-04 10:19:03:997 action-translator LogManager.java:25 translate $instr = instruction.NewDeclaration($id.text,interfaces.INTEGER,$expression.p, $isArray.arr)
2022-03-04 10:19:03:997 action-translator LogManager.java:25 attr [@-1,1:5='instr',<0>,35:55]
2022-03-04 10:19:03:997 action-translator LogManager.java:25 qattr [@-1,37:38='id',<0>,35:91].[@-1,40:43='text',<0>,35:94]
2022-03-04 10:19:03:997 action-translator LogManager.java:25 qattr [@-1,65:74='expression',<0>,35:119].[@-1,76:76='p',<0>,35:130]
2022-03-04 10:19:03:997 action-translator LogManager.java:25 qattr [@-1,80:86='isArray',<0>,35:134].[@-1,88:90='arr',<0>,35:142]
2022-03-04 10:19:03:998 action-translator LogManager.java:25 translate $instr = instruction.NewAssignment($id.text,$expression.p)
2022-03-04 10:19:03:998 action-translator LogManager.java:25 attr [@-1,1:5='instr',<0>,36:29]
2022-03-04 10:19:03:998 action-translator LogManager.java:25 qattr [@-1,36:37='id',<0>,36:64].[@-1,39:42='text',<0>,36:67]
2022-03-04 10:19:03:998 action-translator LogManager.java:25 qattr [@-1,45:54='expression',<0>,36:73].[@-1,56:56='p',<0>,36:84]
2022-03-04 10:19:03:998 action-translator LogManager.java:25 translate $instr = instruction.NewIf($expression.p, $instrucciones.l)
2022-03-04 10:19:03:999 action-translator LogManager.java:25 attr [@-1,1:5='instr',<0>,37:68]
2022-03-04 10:19:03:999 action-translator LogManager.java:25 qattr [@-1,28:37='expression',<0>,37:95].[@-1,39:39='p',<0>,37:106]
2022-03-04 10:19:03:999 action-translator LogManager.java:25 qattr [@-1,43:55='instrucciones',<0>,37:110].[@-1,57:57='l',<0>,37:124]
2022-03-04 10:19:04:000 action-translator LogManager.java:25 translate $instr = instruction.NewWhile($expression.p, $instrucciones.l)
2022-03-04 10:19:04:000 action-translator LogManager.java:25 attr [@-1,1:5='instr',<0>,38:71]
2022-03-04 10:19:04:000 action-translator LogManager.java:25 qattr [@-1,31:40='expression',<0>,38:101].[@-1,42:42='p',<0>,38:112]
2022-03-04 10:19:04:000 action-translator LogManager.java:25 qattr [@-1,46:58='instrucciones',<0>,38:116].[@-1,60:60='l',<0>,38:130]
2022-03-04 10:19:04:000 action-translator LogManager.java:25 translate $instr = instruction.NewStruct($id.text, $lista.l)
2022-03-04 10:19:04:000 action-translator LogManager.java:25 attr [@-1,1:5='instr',<0>,39:55]
2022-03-04 10:19:04:001 action-translator LogManager.java:25 qattr [@-1,32:33='id',<0>,39:86].[@-1,35:38='text',<0>,39:89]
2022-03-04 10:19:04:001 action-translator LogManager.java:25 qattr [@-1,42:46='lista',<0>,39:96].[@-1,48:48='l',<0>,39:102]
2022-03-04 10:19:04:003 action-translator LogManager.java:25 translate 
2022-03-04 10:19:04:003 action-translator LogManager.java:25 translate  
                    $l = arrayList.New();
                    $l.Add($id.text);
                
2022-03-04 10:19:04:003 action-translator LogManager.java:25 setAttr [@-1,24:24='l',<0>,3:21] [@-1,27:42=' arrayList.New()',<0>,3:24]
2022-03-04 10:19:04:003 action-translator LogManager.java:25 translate  arrayList.New()
2022-03-04 10:19:04:004 action-translator LogManager.java:25 attr [@-1,67:67='l',<0>,4:21]
2022-03-04 10:19:04:004 action-translator LogManager.java:25 qattr [@-1,74:75='id',<0>,4:28].[@-1,77:80='text',<0>,4:31]
2022-03-04 10:19:04:004 action-translator LogManager.java:25 translate p.Precpred(p.GetParserRuleContext(), 2)
2022-03-04 10:19:04:004 action-translator LogManager.java:25 translate  
                                                  $list.l.Add($id.text);
                                                  $l = $list.l;
                                              
2022-03-04 10:19:04:004 action-translator LogManager.java:25 qattr [@-1,54:57='list',<0>,9:51].[@-1,59:59='l',<0>,9:56]
2022-03-04 10:19:04:004 action-translator LogManager.java:25 qattr [@-1,66:67='id',<0>,9:63].[@-1,69:72='text',<0>,9:66]
2022-03-04 10:19:04:005 action-translator LogManager.java:25 setAttr [@-1,128:128='l',<0>,10:51] [@-1,131:138=' $list.l',<0>,10:54]
2022-03-04 10:19:04:005 action-translator LogManager.java:25 translate  $list.l
2022-03-04 10:19:04:005 action-translator LogManager.java:25 qattr [@-1,2:5='list',<0>,8:147].[@-1,7:7='l',<0>,8:152]
2022-03-04 10:19:04:006 action-translator LogManager.java:25 translate p.Precpred(p.GetParserRuleContext(), 2)
2022-03-04 10:19:04:007 action-translator LogManager.java:25 translate  $arr = true 
2022-03-04 10:19:04:007 action-translator LogManager.java:25 attr [@-1,2:4='arr',<0>,54:21]
2022-03-04 10:19:04:008 action-translator LogManager.java:25 translate $p = $expr_arit.p
2022-03-04 10:19:04:008 action-translator LogManager.java:25 attr [@-1,1:1='p',<0>,59:20]
2022-03-04 10:19:04:008 action-translator LogManager.java:25 qattr [@-1,6:14='expr_arit',<0>,59:25].[@-1,16:16='p',<0>,59:35]
2022-03-04 10:19:04:009 action-translator LogManager.java:25 translate 
2022-03-04 10:19:04:009 action-translator LogManager.java:25 translate  $p = expresion.NewArray($listValues.l) 
2022-03-04 10:19:04:009 action-translator LogManager.java:25 attr [@-1,2:2='p',<0>,2:88]
2022-03-04 10:19:04:010 action-translator LogManager.java:25 qattr [@-1,26:35='listValues',<0>,2:112].[@-1,37:37='l',<0>,2:123]
2022-03-04 10:19:04:010 action-translator LogManager.java:25 translate $p = $primitivo.p
2022-03-04 10:19:04:010 action-translator LogManager.java:25 attr [@-1,1:1='p',<0>,3:37]
2022-03-04 10:19:04:010 action-translator LogManager.java:25 qattr [@-1,6:14='primitivo',<0>,3:42].[@-1,16:16='p',<0>,3:52]
2022-03-04 10:19:04:010 action-translator LogManager.java:25 translate $p = $expression.p
2022-03-04 10:19:04:010 action-translator LogManager.java:25 attr [@-1,1:1='p',<0>,4:84]
2022-03-04 10:19:04:010 action-translator LogManager.java:25 qattr [@-1,6:15='expression',<0>,4:89].[@-1,17:17='p',<0>,4:100]
2022-03-04 10:19:04:010 action-translator LogManager.java:25 translate p.Precpred(p.GetParserRuleContext(), 6)
2022-03-04 10:19:04:011 action-translator LogManager.java:25 translate $p = expresion.NewOperacion($opIz.p,$op.text,$opDe.p,false)
2022-03-04 10:19:04:011 action-translator LogManager.java:25 attr [@-1,1:1='p',<0>,7:141]
2022-03-04 10:19:04:011 action-translator LogManager.java:25 qattr [@-1,29:32='opIz',<0>,7:169].[@-1,34:34='p',<0>,7:174]
2022-03-04 10:19:04:011 action-translator LogManager.java:25 qattr [@-1,37:38='op',<0>,7:177].[@-1,40:43='text',<0>,7:180]
2022-03-04 10:19:04:011 action-translator LogManager.java:25 qattr [@-1,46:49='opDe',<0>,7:186].[@-1,51:51='p',<0>,7:191]
2022-03-04 10:19:04:011 action-translator LogManager.java:25 translate p.Precpred(p.GetParserRuleContext(), 5)
2022-03-04 10:19:04:011 action-translator LogManager.java:25 translate $p = expresion.NewOperacion($opIz.p,$op.text,$opDe.p,false)
2022-03-04 10:19:04:011 action-translator LogManager.java:25 attr [@-1,1:1='p',<0>,8:151]
2022-03-04 10:19:04:012 action-translator LogManager.java:25 qattr [@-1,29:32='opIz',<0>,8:179].[@-1,34:34='p',<0>,8:184]
2022-03-04 10:19:04:012 action-translator LogManager.java:25 qattr [@-1,37:38='op',<0>,8:187].[@-1,40:43='text',<0>,8:190]
2022-03-04 10:19:04:012 action-translator LogManager.java:25 qattr [@-1,46:49='opDe',<0>,8:196].[@-1,51:51='p',<0>,8:201]
2022-03-04 10:19:04:012 action-translator LogManager.java:25 translate p.Precpred(p.GetParserRuleContext(), 4)
2022-03-04 10:19:04:012 action-translator LogManager.java:25 translate $p = expresion.NewOperacion($opIz.p,$op.text,$opDe.p,false)
2022-03-04 10:19:04:012 action-translator LogManager.java:25 attr [@-1,1:1='p',<0>,9:193]
2022-03-04 10:19:04:012 action-translator LogManager.java:25 qattr [@-1,29:32='opIz',<0>,9:221].[@-1,34:34='p',<0>,9:226]
2022-03-04 10:19:04:013 action-translator LogManager.java:25 qattr [@-1,37:38='op',<0>,9:229].[@-1,40:43='text',<0>,9:232]
2022-03-04 10:19:04:013 action-translator LogManager.java:25 qattr [@-1,46:49='opDe',<0>,9:238].[@-1,51:51='p',<0>,9:243]
2022-03-04 10:19:04:013 action-translator LogManager.java:25 translate p.Precpred(p.GetParserRuleContext(), 6)
2022-03-04 10:19:04:013 action-translator LogManager.java:25 translate p.Precpred(p.GetParserRuleContext(), 5)
2022-03-04 10:19:04:013 action-translator LogManager.java:25 translate p.Precpred(p.GetParserRuleContext(), 4)
2022-03-04 10:19:04:014 action-translator LogManager.java:25 translate 
2022-03-04 10:19:04:014 action-translator LogManager.java:25 translate  
                    $l = arrayList.New()
                    $l.Add($expression.p)
                
2022-03-04 10:19:04:014 action-translator LogManager.java:25 attr [@-1,24:24='l',<0>,3:21]
2022-03-04 10:19:04:014 action-translator LogManager.java:25 attr [@-1,66:66='l',<0>,4:21]
2022-03-04 10:19:04:014 action-translator LogManager.java:25 qattr [@-1,73:82='expression',<0>,4:28].[@-1,84:84='p',<0>,4:39]
2022-03-04 10:19:04:014 action-translator LogManager.java:25 translate p.Precpred(p.GetParserRuleContext(), 2)
2022-03-04 10:19:04:014 action-translator LogManager.java:25 translate  
                                                  $list.l.Add($expression.p)
                                                  $l = $list.l
                                              
2022-03-04 10:19:04:014 action-translator LogManager.java:25 qattr [@-1,54:57='list',<0>,9:51].[@-1,59:59='l',<0>,9:56]
2022-03-04 10:19:04:014 action-translator LogManager.java:25 qattr [@-1,66:75='expression',<0>,9:63].[@-1,77:77='p',<0>,9:74]
2022-03-04 10:19:04:014 action-translator LogManager.java:25 attr [@-1,132:132='l',<0>,10:51]
2022-03-04 10:19:04:014 action-translator LogManager.java:25 qattr [@-1,137:140='list',<0>,10:56].[@-1,142:142='l',<0>,10:61]
2022-03-04 10:19:04:014 action-translator LogManager.java:25 translate p.Precpred(p.GetParserRuleContext(), 2)
2022-03-04 10:19:04:015 action-translator LogManager.java:25 translate 
            	num,err := strconv.Atoi($NUMBER.text)
                if err!= nil{
                    fmt.Println(err)
                }
            $p = expresion.NewPrimitivo (num,interfaces.INTEGER)
       
2022-03-04 10:19:04:015 action-translator LogManager.java:25 qattr [@-1,40:45='NUMBER',<0>,84:38].[@-1,47:50='text',<0>,84:45]
2022-03-04 10:19:04:015 action-translator LogManager.java:25 attr [@-1,155:155='p',<0>,88:13]
2022-03-04 10:19:04:015 action-translator LogManager.java:25 translate  
      str:= $STRING.text[1:len($STRING.text)-1]
      $p = expresion.NewPrimitivo(str,interfaces.STRING)
2022-03-04 10:19:04:015 action-translator LogManager.java:25 qattr [@-1,16:21='STRING',<0>,91:13].[@-1,23:26='text',<0>,91:20]
2022-03-04 10:19:04:015 action-translator LogManager.java:25 qattr [@-1,35:40='STRING',<0>,91:32].[@-1,42:45='text',<0>,91:39]
2022-03-04 10:19:04:015 action-translator LogManager.java:25 attr [@-1,59:59='p',<0>,92:7]
2022-03-04 10:19:04:016 action-translator LogManager.java:25 translate  $p = $list.p
2022-03-04 10:19:04:016 action-translator LogManager.java:25 attr [@-1,2:2='p',<0>,93:23]
2022-03-04 10:19:04:016 action-translator LogManager.java:25 qattr [@-1,7:10='list',<0>,93:28].[@-1,12:12='p',<0>,93:33]
2022-03-04 10:19:04:016 action-translator LogManager.java:25 translate 
2022-03-04 10:19:04:016 action-translator LogManager.java:25 translate  $p = expresion.NewCallVariable($ID.text)
2022-03-04 10:19:04:016 action-translator LogManager.java:25 attr [@-1,2:2='p',<0>,2:34]
2022-03-04 10:19:04:016 action-translator LogManager.java:25 qattr [@-1,33:34='ID',<0>,2:65].[@-1,36:39='text',<0>,2:68]
2022-03-04 10:19:04:016 action-translator LogManager.java:25 translate p.Precpred(p.GetParserRuleContext(), 2)
2022-03-04 10:19:04:016 action-translator LogManager.java:25 translate  $p = expresion.NewArrayAccess($list.p, $expression.p) 
2022-03-04 10:19:04:017 action-translator LogManager.java:25 attr [@-1,2:2='p',<0>,5:133]
2022-03-04 10:19:04:017 action-translator LogManager.java:25 qattr [@-1,32:35='list',<0>,5:163].[@-1,37:37='p',<0>,5:168]
2022-03-04 10:19:04:017 action-translator LogManager.java:25 qattr [@-1,41:50='expression',<0>,5:172].[@-1,52:52='p',<0>,5:183]
2022-03-04 10:19:04:017 action-translator LogManager.java:25 translate p.Precpred(p.GetParserRuleContext(), 2)
2022-03-04 10:19:04:396 action-translator LogManager.java:25 translate 
    import "OLC2/interfaces"
    import "OLC2/expresion"
    import "OLC2/instruction"
    import arrayList "github.com/colegno/arraylist"

2022-03-04 10:19:04:396 action-translator LogManager.java:25 translate 
    import "OLC2/interfaces"
    import "OLC2/expresion"
    import "OLC2/instruction"
    import arrayList "github.com/colegno/arraylist"

2022-03-04 10:19:04:554 action-translator LogManager.java:25 translate 
    import "OLC2/interfaces"
    import "OLC2/expresion"
    import "OLC2/instruction"
    import arrayList "github.com/colegno/arraylist"

2022-03-04 10:19:04:554 action-translator LogManager.java:25 translate 
    import "OLC2/interfaces"
    import "OLC2/expresion"
    import "OLC2/instruction"
    import arrayList "github.com/colegno/arraylist"

